c:\users\stephen diep\desktop\cpp_project_stephen\cppproject_stephen\debug\vc141.pdb
c:\users\stephen diep\desktop\cpp_project_stephen\cppproject_stephen\debug\vc141.idb
c:\users\stephen diep\desktop\cpp_project_stephen\cppproject_stephen\debug\npc.obj
c:\users\stephen diep\desktop\cpp_project_stephen\cppproject_stephen\debug\events.obj
c:\users\stephen diep\desktop\cpp_project_stephen\cppproject_stephen\debug\hero.obj
c:\users\stephen diep\desktop\cpp_project_stephen\cppproject_stephen\debug\map.obj
c:\users\stephen diep\desktop\cpp_project_stephen\cppproject_stephen\debug\inventory.obj
c:\users\stephen diep\desktop\cpp_project_stephen\cppproject_stephen\debug\battle.obj
c:\users\stephen diep\desktop\cpp_project_stephen\cppproject_stephen\debug\items.obj
c:\users\stephen diep\desktop\cpp_project_stephen\cppproject_stephen\debug\main.obj
c:\users\stephen diep\desktop\cpp_project_stephen\cppproject_stephen\debug\monsters.obj
c:\users\stephen diep\desktop\cpp_project_stephen\cppproject_stephen\debug\game.obj
c:\users\stephen diep\desktop\cpp_project_stephen\debug\cppproject_stephen.exe
c:\users\stephen diep\desktop\cpp_project_stephen\debug\cppproject_stephen.ilk
c:\users\stephen diep\desktop\cpp_project_stephen\debug\cppproject_stephen.pdb
c:\users\stephen diep\desktop\cpp_project_stephen\cppproject_stephen\debug\game.obj.enc
c:\users\stephen diep\desktop\cpp_project_stephen\cppproject_stephen\debug\inventory.obj.enc
c:\users\stephen diep\desktop\cpp_project_stephen\cppproject_stephen\debug\items.obj.enc
c:\users\stephen diep\desktop\cpp_project_stephen\cppproject_stephen\debug\map.obj.enc
c:\users\stephen diep\desktop\cpp_project_stephen\cppproject_stephen\debug\monsters.obj.enc
c:\users\stephen diep\desktop\cpp_project_stephen\cppproject_stephen\debug\npc.obj.enc
c:\users\stephen diep\desktop\cpp_project_stephen\cppproject_stephen\debug\cppproje.949ec9b0.tlog\cl.command.1.tlog
c:\users\stephen diep\desktop\cpp_project_stephen\cppproject_stephen\debug\cppproje.949ec9b0.tlog\cl.read.1.tlog
c:\users\stephen diep\desktop\cpp_project_stephen\cppproject_stephen\debug\cppproje.949ec9b0.tlog\cl.write.1.tlog
c:\users\stephen diep\desktop\cpp_project_stephen\cppproject_stephen\debug\cppproje.949ec9b0.tlog\link.command.1.tlog
c:\users\stephen diep\desktop\cpp_project_stephen\cppproject_stephen\debug\cppproje.949ec9b0.tlog\link.read.1.tlog
c:\users\stephen diep\desktop\cpp_project_stephen\cppproject_stephen\debug\cppproje.949ec9b0.tlog\link.write.1.tlog
